This file contains any messages produced by compilers while
running configure, to aid debugging if configure makes a mistake.

It was created by configure, which was
generated by GNU Autoconf 2.52.20210509.  Invocation command line was

  $ ./configure --disable-active-icon --disable-16-color --disable-88-color --disable-blink-cursor --enable-broken-osc --disable-broken-st --disable-color-mode --disable-highlighting --disable-doublechars --enable-exec-xterm --with-freetype-config --with-freetype-cflags --with-freetype-libs --enable-hp-fkeys --disable-initial-erase --enable-load-vt-fonts --enable-logging --disable-num-lock --disable-pty-handshake --disable-regex --with-pcre --disable-rightbar --disable-selection-ops --disable-session-mgt --disable-tek4014 --enable-toolbar --disable-vt52 --disable-wide-chars --enable-16bit-chars --enable-dec-locator --disable-screen-dumps --disable-print-graphics --disable-rectangles

## ---------- ##
## Platform.  ##
## ---------- ##

hostname = 6fbd973a1f89
uname -m = x86_64
uname -r = 5.13.9-200.fc34.x86_64
uname -s = Linux
uname -v = #1 SMP Sun Aug 8 14:34:00 UTC 2021

/usr/bin/uname -p = x86_64
/bin/uname -X     = unknown

/bin/arch              = x86_64
/usr/bin/arch -k       = unknown
/usr/convex/getsysinfo = unknown
hostinfo               = unknown
/bin/machine           = unknown
/usr/bin/oslevel       = unknown
/bin/universe          = unknown

PATH = /usr/local/sbin:/usr/local/bin:/usr/sbin:/usr/bin:/sbin:/bin

## ------------ ##
## Core tests.  ##
## ------------ ##

configure:1117: PATH=".;."; conftest.sh
./configure: line 1118: conftest.sh: command not found
configure:1120: $? = 127
configure:1162: checking build system type
configure:1180: result: x86_64-pc-linux-gnu
configure:1188: checking host system type
configure:1202: result: x86_64-pc-linux-gnu
configure:1228: result: Configuring for linux-gnu
configure:1294: checking for gcc
configure:1309: found /usr/bin/gcc
configure:1317: result: gcc
configure:1545: checking for C compiler version
configure:1548: gcc --version </dev/null >&5
gcc (GCC) 10.3.1 20210422 (Red Hat 10.3.1-1)
Copyright (C) 2020 Free Software Foundation, Inc.
This is free software; see the source for copying conditions.  There is NO
warranty; not even for MERCHANTABILITY or FITNESS FOR A PARTICULAR PURPOSE.

configure:1551: $? = 0
configure:1553: gcc -v </dev/null >&5
Using built-in specs.
COLLECT_GCC=gcc
COLLECT_LTO_WRAPPER=/usr/libexec/gcc/x86_64-redhat-linux/10/lto-wrapper
OFFLOAD_TARGET_NAMES=nvptx-none
OFFLOAD_TARGET_DEFAULT=1
Target: x86_64-redhat-linux
Configured with: ../configure --enable-bootstrap --enable-languages=c,c++,fortran,objc,obj-c++,ada,go,d,lto --prefix=/usr --mandir=/usr/share/man --infodir=/usr/share/info --with-bugurl=http://bugzilla.redhat.com/bugzilla --enable-shared --enable-threads=posix --enable-checking=release --enable-multilib --with-system-zlib --enable-__cxa_atexit --disable-libunwind-exceptions --enable-gnu-unique-object --enable-linker-build-id --with-gcc-major-version-only --with-linker-hash-style=gnu --enable-plugin --enable-initfini-array --with-isl --enable-offload-targets=nvptx-none --without-cuda-driver --enable-gnu-indirect-function --enable-cet --with-tune=generic --with-arch_32=i686 --build=x86_64-redhat-linux
Thread model: posix
Supported LTO compression algorithms: zlib zstd
gcc version 10.3.1 20210422 (Red Hat 10.3.1-1) (GCC) 
configure:1556: $? = 0
configure:1558: gcc -V </dev/null >&5
gcc: error: unrecognized command-line option '-V'
gcc: fatal error: no input files
compilation terminated.
configure:1561: $? = 1
configure:1581: checking for C compiler default output
configure:1584: gcc    conftest.c  >&5
configure:1587: $? = 0
configure:1616: result: a.out
configure:1621: checking whether the C compiler works
configure:1627: ./a.out
configure:1630: $? = 0
configure:1645: result: yes
configure:1652: checking whether we are cross compiling
configure:1654: result: no
configure:1657: checking for executable suffix
configure:1659: gcc -o conftest    conftest.c  >&5
configure:1662: $? = 0
configure:1684: result: 
configure:1690: checking for object suffix
configure:1708: gcc -c   conftest.c >&5
configure:1711: $? = 0
configure:1730: result: o
configure:1734: checking whether we are using the GNU C compiler
configure:1755: gcc -c   conftest.c >&5
configure:1758: $? = 0
configure:1761: test -s conftest.o
configure:1764: $? = 0
configure:1776: result: yes
configure:1782: checking whether gcc accepts -g
configure:1800: gcc -c -g  conftest.c >&5
configure:1803: $? = 0
configure:1806: test -s conftest.o
configure:1809: $? = 0
configure:1819: result: yes
configure:1846: gcc -c -g -O2  conftest.c >&5
conftest.c:2:3: error: unknown type name 'choke'
    2 |   choke me
      |   ^~~~~
conftest.c:2:3: error: expected '=', ',', ';', 'asm' or '__attribute__' at end of input
configure:1849: $? = 1
configure: failed program was:
#ifndef __cplusplus
  choke me
#endif
configure:1950: checking version of gcc
configure:1954: result: 10.3.1
configure:1963: checking if this is really Intel C compiler
configure:1985: gcc -c -g -O2 -no-gcc  conftest.c >&5
gcc: error: unrecognized command-line option '-no-gcc'
configure:1988: $? = 1
configure: failed program was:
#line 1968 "configure"
#include "confdefs.h"

int
main (void)
{

#ifdef __INTEL_COMPILER
#else
make an error
#endif

  ;
  return 0;
}
configure:2005: result: no
configure:2014: checking if this is really Clang C compiler
configure:2035: gcc -c -g -O2  conftest.c >&5
configure: In function 'main':
configure:2026:1: error: unknown type name 'make'
 2026 | #else
      | ^~~~
configure:2026:9: error: expected '=', ',', ';', 'asm' or '__attribute__' before 'error'
 2026 | #else
      |         ^    
configure:2038: $? = 1
configure: failed program was:
#line 2018 "configure"
#include "confdefs.h"

int
main (void)
{

#ifdef __clang__
#else
make an error
#endif

  ;
  return 0;
}
configure:2054: result: no
configure:2135: checking for gcc option to accept ANSI C
configure:2192: gcc  -c -g -O2  conftest.c >&5
configure:2195: $? = 0
configure:2198: test -s conftest.o
configure:2201: $? = 0
configure:2218: result: none needed
configure:2229: checking $CFLAGS variable
configure:2343: result: ok
configure:2348: checking $CC variable
configure:2483: result: ok
configure:2492: checking for ggrep
configure:2518: result: no
configure:2492: checking for grep
configure:2507: found /usr/bin/grep
configure:2515: result: grep
configure:2526: checking for egrep
configure:2582: result: grep -E
configure:2592: checking how to run the C preprocessor
configure:2618: gcc -E  conftest.c
configure:2624: $? = 0
configure:2651: gcc -E  conftest.c
configure:2648:10: fatal error: ac_nonexistent.h: No such file or directory
 2648 | #include "confdefs.h"
      |          ^~~~~~~~~~~~      
compilation terminated.
configure:2657: $? = 1
configure: failed program was:
#line 2647 "configure"
#include "confdefs.h"
#include <ac_nonexistent.h>
configure:2694: result: gcc -E
configure:2709: gcc -E  conftest.c
configure:2715: $? = 0
configure:2742: gcc -E  conftest.c
configure:2739:10: fatal error: ac_nonexistent.h: No such file or directory
 2739 | #include "confdefs.h"
      |          ^~~~~~~~~~~~      
compilation terminated.
configure:2748: $? = 1
configure: failed program was:
#line 2738 "configure"
#include "confdefs.h"
#include <ac_nonexistent.h>
configure:2792: checking for mawk
configure:2818: result: no
configure:2792: checking for gawk
configure:2807: found /usr/bin/gawk
configure:2815: result: gawk
configure:2837: checking for a BSD compatible install
configure:2886: result: /usr/bin/install -c
configure:2897: checking whether ln -s works
configure:2901: result: yes
configure:2925: checking for lint
configure:2951: result: no
configure:2925: checking for cppcheck
configure:2951: result: no
configure:2925: checking for splint
configure:2951: result: no
configure:2966: checking if the POSIX test-macros are already defined
configure:2992: gcc -c -g -O2  conftest.c >&5
configure:2995: $? = 0
configure:2998: test -s conftest.o
configure:3001: $? = 0
configure:3012: result: no
configure:3057: checking if this is the GNU C library
configure:3083: gcc -c -g -O2  conftest.c >&5
configure:3086: $? = 0
configure:3089: test -s conftest.o
configure:3092: $? = 0
configure:3103: result: yes
configure:3111: checking if _DEFAULT_SOURCE can be used as a basis
configure:3142: gcc -c -g -O2 -D_DEFAULT_SOURCE conftest.c >&5
configure:3145: $? = 0
configure:3148: test -s conftest.o
configure:3151: $? = 0
configure:3163: result: yes
configure:3168: checking if _XOPEN_SOURCE=700 works with _DEFAULT_SOURCE
configure:3293: gcc -c -g -O2 -D_DEFAULT_SOURCE -D_XOPEN_SOURCE=700 conftest.c >&5
configure:3296: $? = 0
configure:3299: test -s conftest.o
configure:3302: $? = 0
configure:3313: result: yes
configure:4459: checking if _XOPEN_SOURCE really is set
configure:4477: gcc -c -g -O2 -D_DEFAULT_SOURCE -D_XOPEN_SOURCE=700 conftest.c >&5
configure:4480: $? = 0
configure:4483: test -s conftest.o
configure:4486: $? = 0
configure:4495: result: yes
configure:4515: gcc -c -g -O2 -D_DEFAULT_SOURCE -D_XOPEN_SOURCE=700 conftest.c >&5
configure:4518: $? = 0
configure:4521: test -s conftest.o
configure:4524: $? = 0
configure:4749: checking if SIGWINCH is defined
configure:4771: gcc -c -g -O2 -D_DEFAULT_SOURCE -D_XOPEN_SOURCE=700 conftest.c >&5
configure:4774: $? = 0
configure:4777: test -s conftest.o
configure:4780: $? = 0
configure:4828: result: yes
configure:4910: checking for ncurses/curses.h
configure:4920: gcc -E -D_DEFAULT_SOURCE -D_XOPEN_SOURCE=700 conftest.c
configure:4926: $? = 0
configure:4945: result: yes
configure:4910: checking for ncurses/term.h
configure:4920: gcc -E -D_DEFAULT_SOURCE -D_XOPEN_SOURCE=700 conftest.c
configure:4926: $? = 0
configure:4945: result: yes
configure:4910: checking for stdlib.h
configure:4920: gcc -E -D_DEFAULT_SOURCE -D_XOPEN_SOURCE=700 conftest.c
configure:4926: $? = 0
configure:4945: result: yes
configure:4910: checking for sys/ptem.h
configure:4920: gcc -E -D_DEFAULT_SOURCE -D_XOPEN_SOURCE=700 conftest.c
configure:4917:10: fatal error: sys/ptem.h: No such file or directory
 4917 | #include "confdefs.h"
      |          ^~~~~~~~~~~~
compilation terminated.
configure:4926: $? = 1
configure: failed program was:
#line 4916 "configure"
#include "confdefs.h"
#include <sys/ptem.h>
configure:4945: result: no
configure:4910: checking for sys/ttydefaults.h
configure:4920: gcc -E -D_DEFAULT_SOURCE -D_XOPEN_SOURCE=700 conftest.c
configure:4926: $? = 0
configure:4945: result: yes
configure:4910: checking for term.h
configure:4920: gcc -E -D_DEFAULT_SOURCE -D_XOPEN_SOURCE=700 conftest.c
configure:4926: $? = 0
configure:4945: result: yes
configure:4910: checking for termios.h
configure:4920: gcc -E -D_DEFAULT_SOURCE -D_XOPEN_SOURCE=700 conftest.c
configure:4926: $? = 0
configure:4945: result: yes
configure:4910: checking for unistd.h
configure:4920: gcc -E -D_DEFAULT_SOURCE -D_XOPEN_SOURCE=700 conftest.c
configure:4926: $? = 0
configure:4945: result: yes
configure:4910: checking for wchar.h
configure:4920: gcc -E -D_DEFAULT_SOURCE -D_XOPEN_SOURCE=700 conftest.c
configure:4926: $? = 0
configure:4945: result: yes
configure:4955: checking whether time.h and sys/time.h may both be included
configure:4977: gcc -c -g -O2 -D_DEFAULT_SOURCE -D_XOPEN_SOURCE=700 conftest.c >&5
configure:4980: $? = 0
configure:4983: test -s conftest.o
configure:4986: $? = 0
configure:4996: result: yes
configure:5006: checking for nl_langinfo and CODESET
configure:5024: gcc -o conftest -g -O2 -D_DEFAULT_SOURCE -D_XOPEN_SOURCE=700  conftest.c  >&5
configure:5027: $? = 0
configure:5030: test -s conftest
configure:5033: $? = 0
configure:5044: result: yes
configure:5056: checking for signal global datatype
configure:5092: gcc -c -g -O2 -D_DEFAULT_SOURCE -D_XOPEN_SOURCE=700 conftest.c >&5
configure:5095: $? = 0
configure:5098: test -s conftest.o
configure:5101: $? = 0
configure:5115: result: volatile sig_atomic_t
configure:5122: checking for ANSI C header files
configure:5136: gcc -E -D_DEFAULT_SOURCE -D_XOPEN_SOURCE=700 conftest.c
configure:5142: $? = 0
configure:5229: gcc -o conftest -g -O2 -D_DEFAULT_SOURCE -D_XOPEN_SOURCE=700  conftest.c  >&5
configure:5232: $? = 0
configure:5234: ./conftest
configure:5237: $? = 0
configure:5250: result: yes
configure:5266: checking for sys/types.h
configure:5278: gcc -c -g -O2 -D_DEFAULT_SOURCE -D_XOPEN_SOURCE=700 conftest.c >&5
configure:5281: $? = 0
configure:5284: test -s conftest.o
configure:5287: $? = 0
configure:5297: result: yes
configure:5266: checking for sys/stat.h
configure:5278: gcc -c -g -O2 -D_DEFAULT_SOURCE -D_XOPEN_SOURCE=700 conftest.c >&5
configure:5281: $? = 0
configure:5284: test -s conftest.o
configure:5287: $? = 0
configure:5297: result: yes
configure:5266: checking for stdlib.h
configure:5297: result: yes
configure:5266: checking for string.h
configure:5278: gcc -c -g -O2 -D_DEFAULT_SOURCE -D_XOPEN_SOURCE=700 conftest.c >&5
configure:5281: $? = 0
configure:5284: test -s conftest.o
configure:5287: $? = 0
configure:5297: result: yes
configure:5266: checking for memory.h
configure:5278: gcc -c -g -O2 -D_DEFAULT_SOURCE -D_XOPEN_SOURCE=700 conftest.c >&5
configure:5281: $? = 0
configure:5284: test -s conftest.o
configure:5287: $? = 0
configure:5297: result: yes
configure:5266: checking for strings.h
configure:5278: gcc -c -g -O2 -D_DEFAULT_SOURCE -D_XOPEN_SOURCE=700 conftest.c >&5
configure:5281: $? = 0
configure:5284: test -s conftest.o
configure:5287: $? = 0
configure:5297: result: yes
configure:5266: checking for inttypes.h
configure:5278: gcc -c -g -O2 -D_DEFAULT_SOURCE -D_XOPEN_SOURCE=700 conftest.c >&5
configure:5281: $? = 0
configure:5284: test -s conftest.o
configure:5287: $? = 0
configure:5297: result: yes
configure:5266: checking for stdint.h
configure:5278: gcc -c -g -O2 -D_DEFAULT_SOURCE -D_XOPEN_SOURCE=700 conftest.c >&5
configure:5281: $? = 0
configure:5284: test -s conftest.o
configure:5287: $? = 0
configure:5297: result: yes
configure:5266: checking for unistd.h
configure:5297: result: yes
configure:5307: checking for time_t
configure:5328: gcc -c -g -O2 -D_DEFAULT_SOURCE -D_XOPEN_SOURCE=700 conftest.c >&5
configure:5331: $? = 0
configure:5334: test -s conftest.o
configure:5337: $? = 0
configure:5347: result: yes
configure:5359: checking for cc_t in <termios.h> or <termio.h>
configure:5386: gcc -c -g -O2 -D_DEFAULT_SOURCE -D_XOPEN_SOURCE=700 conftest.c >&5
configure:5389: $? = 0
configure:5392: test -s conftest.o
configure:5395: $? = 0
configure:5407: result: yes
configure:5414: checking for mode_t
configure:5435: gcc -c -g -O2 -D_DEFAULT_SOURCE -D_XOPEN_SOURCE=700 conftest.c >&5
configure:5438: $? = 0
configure:5441: test -s conftest.o
configure:5444: $? = 0
configure:5454: result: yes
configure:5466: checking for pid_t
configure:5487: gcc -c -g -O2 -D_DEFAULT_SOURCE -D_XOPEN_SOURCE=700 conftest.c >&5
configure:5490: $? = 0
configure:5493: test -s conftest.o
configure:5496: $? = 0
configure:5506: result: yes
configure:5518: checking for uid_t in sys/types.h
configure:5538: result: yes
configure:5552: checking for off_t
configure:5573: gcc -c -g -O2 -D_DEFAULT_SOURCE -D_XOPEN_SOURCE=700 conftest.c >&5
configure:5576: $? = 0
configure:5579: test -s conftest.o
configure:5582: $? = 0
configure:5592: result: yes
configure:5624: checking for gethostname
configure:5661: gcc -o conftest -g -O2 -D_DEFAULT_SOURCE -D_XOPEN_SOURCE=700  conftest.c  >&5
configure:5664: $? = 0
configure:5667: test -s conftest
configure:5670: $? = 0
configure:5680: result: yes
configure:5624: checking for getusershell
configure:5661: gcc -o conftest -g -O2 -D_DEFAULT_SOURCE -D_XOPEN_SOURCE=700  conftest.c  >&5
configure:5664: $? = 0
configure:5667: test -s conftest
configure:5670: $? = 0
configure:5680: result: yes
configure:5624: checking for endusershell
configure:5661: gcc -o conftest -g -O2 -D_DEFAULT_SOURCE -D_XOPEN_SOURCE=700  conftest.c  >&5
configure:5664: $? = 0
configure:5667: test -s conftest
configure:5670: $? = 0
configure:5680: result: yes
configure:5624: checking for getlogin
configure:5661: gcc -o conftest -g -O2 -D_DEFAULT_SOURCE -D_XOPEN_SOURCE=700  conftest.c  >&5
configure:5664: $? = 0
configure:5667: test -s conftest
configure:5670: $? = 0
configure:5680: result: yes
configure:5624: checking for initgroups
configure:5661: gcc -o conftest -g -O2 -D_DEFAULT_SOURCE -D_XOPEN_SOURCE=700  conftest.c  >&5
configure:5664: $? = 0
configure:5667: test -s conftest
configure:5670: $? = 0
configure:5680: result: yes
configure:5624: checking for mkdtemp
configure:5661: gcc -o conftest -g -O2 -D_DEFAULT_SOURCE -D_XOPEN_SOURCE=700  conftest.c  >&5
configure:5664: $? = 0
configure:5667: test -s conftest
configure:5670: $? = 0
configure:5680: result: yes
configure:5624: checking for putenv
configure:5661: gcc -o conftest -g -O2 -D_DEFAULT_SOURCE -D_XOPEN_SOURCE=700  conftest.c  >&5
configure:5664: $? = 0
configure:5667: test -s conftest
configure:5670: $? = 0
configure:5680: result: yes
configure:5624: checking for unsetenv
configure:5661: gcc -o conftest -g -O2 -D_DEFAULT_SOURCE -D_XOPEN_SOURCE=700  conftest.c  >&5
configure:5664: $? = 0
configure:5667: test -s conftest
configure:5670: $? = 0
configure:5680: result: yes
configure:5624: checking for sched_yield
configure:5661: gcc -o conftest -g -O2 -D_DEFAULT_SOURCE -D_XOPEN_SOURCE=700  conftest.c  >&5
configure:5664: $? = 0
configure:5667: test -s conftest
configure:5670: $? = 0
configure:5680: result: yes
configure:5624: checking for setpgid
configure:5661: gcc -o conftest -g -O2 -D_DEFAULT_SOURCE -D_XOPEN_SOURCE=700  conftest.c  >&5
configure:5664: $? = 0
configure:5667: test -s conftest
configure:5670: $? = 0
configure:5680: result: yes
configure:5624: checking for strftime
configure:5661: gcc -o conftest -g -O2 -D_DEFAULT_SOURCE -D_XOPEN_SOURCE=700  conftest.c  >&5
configure:5641:6: warning: conflicting types for built-in function 'strftime'; expected 'long unsigned int(char *, long unsigned int,  const char *, const void *)' [-Wbuiltin-declaration-mismatch]
 5641 |    builtin and then its argument prototype would still apply.  */
      |      ^~~~~~~~
configure:5633:1: note: 'strftime' is declared in header '<time.h>'
 5632 | #define $ac_func autoconf_temporary
  +++ |+#include <time.h>
 5633 | #include <limits.h> /* least-intrusive standard header which defines gcc2 __stub macros */
configure:5664: $? = 0
configure:5667: test -s conftest
configure:5670: $? = 0
configure:5680: result: yes
configure:5624: checking for tcgetattr
configure:5661: gcc -o conftest -g -O2 -D_DEFAULT_SOURCE -D_XOPEN_SOURCE=700  conftest.c  >&5
configure:5664: $? = 0
configure:5667: test -s conftest
configure:5670: $? = 0
configure:5680: result: yes
configure:5624: checking for waitpid
configure:5661: gcc -o conftest -g -O2 -D_DEFAULT_SOURCE -D_XOPEN_SOURCE=700  conftest.c  >&5
configure:5664: $? = 0
configure:5667: test -s conftest
configure:5670: $? = 0
configure:5680: result: yes
configure:5624: checking for wcswidth
configure:5661: gcc -o conftest -g -O2 -D_DEFAULT_SOURCE -D_XOPEN_SOURCE=700  conftest.c  >&5
configure:5664: $? = 0
configure:5667: test -s conftest
configure:5670: $? = 0
configure:5680: result: yes
configure:5624: checking for wcwidth
configure:5661: gcc -o conftest -g -O2 -D_DEFAULT_SOURCE -D_XOPEN_SOURCE=700  conftest.c  >&5
configure:5664: $? = 0
configure:5667: test -s conftest
configure:5670: $? = 0
configure:5680: result: yes
configure:5693: checking for lastlog.h
configure:5703: gcc -E -D_DEFAULT_SOURCE -D_XOPEN_SOURCE=700 conftest.c
configure:5709: $? = 0
configure:5728: result: yes
configure:5693: checking for paths.h
configure:5703: gcc -E -D_DEFAULT_SOURCE -D_XOPEN_SOURCE=700 conftest.c
configure:5709: $? = 0
configure:5728: result: yes
configure:5738: checking for lastlog path
configure:5765: gcc -c -g -O2 -D_DEFAULT_SOURCE -D_XOPEN_SOURCE=700 conftest.c >&5
configure:5768: $? = 0
configure:5771: test -s conftest.o
configure:5774: $? = 0
configure:5789: result: _PATH_LASTLOG
configure:5796: checking for utmp implementation
configure:5829: gcc -c -g -O2 -D_DEFAULT_SOURCE -D_XOPEN_SOURCE=700 conftest.c >&5
configure:5817:18: error: conflicting types for 'getutxent'
 5817 | main (void)
      |                  ^        
In file included from configure:5816:
/usr/include/utmpx.h:65:22: note: previous declaration of 'getutxent' was here
   65 | extern struct utmpx *getutxent (void);
      |                      ^~~~~~~~~
configure:5832: $? = 1
configure: failed program was:
#line 5813 "configure"
#include "confdefs.h"

#include <sys/types.h>
#include <utmpx.h>
#define getutent getutxent
#ifdef USE_LASTLOG
#include <lastlog.h>	/* may conflict with utmpx.h on Linux */
#endif

int
main (void)
{
struct utmpx x;
	 char *name = x.ut_name; /* utmp.h and compatible definitions */
	 (void)x;
	 (void)name;

  ;
  return 0;
}
configure:5863: gcc -c -g -O2 -D_DEFAULT_SOURCE -D_XOPEN_SOURCE=700 conftest.c >&5
configure:5851:18: error: conflicting types for 'getutxent'
 5851 | main (void)
      |                  ^        
In file included from configure:5850:
/usr/include/utmpx.h:65:22: note: previous declaration of 'getutxent' was here
   65 | extern struct utmpx *getutxent (void);
      |                      ^~~~~~~~~
configure:5866: $? = 1
configure: failed program was:
#line 5847 "configure"
#include "confdefs.h"

#include <sys/types.h>
#include <utmpx.h>
#define getutent getutxent
#ifdef USE_LASTLOG
#include <lastlog.h>	/* may conflict with utmpx.h on Linux */
#endif

int
main (void)
{
struct utmpx x;
	 char *name = x.ut_user; /* utmpx.h must declare this */
	 (void)x;
	 (void)name;

  ;
  return 0;
}
configure:5829: gcc -c -g -O2 -D_DEFAULT_SOURCE -D_XOPEN_SOURCE=700 conftest.c >&5
configure:5832: $? = 0
configure:5835: test -s conftest.o
configure:5838: $? = 0
configure:5887: result: utmp
configure:5902: checking if utmp.ut_host is declared
configure:5926: gcc -c -g -O2 -D_DEFAULT_SOURCE -D_XOPEN_SOURCE=700 conftest.c >&5
configure:5929: $? = 0
configure:5932: test -s conftest.o
configure:5935: $? = 0
configure:5947: result: yes
configure:5957: checking if utmp.ut_syslen is declared
configure:5981: gcc -c -g -O2 -D_DEFAULT_SOURCE -D_XOPEN_SOURCE=700 conftest.c >&5
configure: In function 'main':
configure:5972:12: error: 'struct utmp' has no member named 'ut_syslen'
 5972 | struct $cf_cv_have_utmp x;
      |            ^
configure:5984: $? = 1
configure: failed program was:
#line 5964 "configure"
#include "confdefs.h"

#include <sys/types.h>
#include <utmp.h>
int
main (void)
{
struct utmp x;
	 int y = x.ut_syslen;
	 (void)x;
	 (void)y
  ;
  return 0;
}
configure:6002: result: no
configure:6012: checking if utmp.ut_name is declared
configure:6045: gcc -c -g -O2 -D_DEFAULT_SOURCE -D_XOPEN_SOURCE=700 conftest.c >&5
configure:6048: $? = 0
configure:6051: test -s conftest.o
configure:6054: $? = 0
configure:6066: result: ut_name
configure:6086: checking for exit-status in utmp
configure:6116: gcc -c -g -O2 -D_DEFAULT_SOURCE -D_XOPEN_SOURCE=700 conftest.c >&5
configure: In function 'main':
configure:6107:22: error: 'struct exit_status' has no member named '__e_exit'; did you mean 'e_exit'?
 6107 | struct $cf_cv_have_utmp x;
      |                      ^~~~~   
      |                      e_exit
configure:6119: $? = 1
configure: failed program was:
#line 6099 "configure"
#include "confdefs.h"

#include <sys/types.h>
#include <utmp.h>
int
main (void)
{
struct utmp x;
	 long y = x.ut_exit.__e_exit = 0;
	 (void)x;
	 (void)y
  ;
  return 0;
}
configure:6116: gcc -c -g -O2 -D_DEFAULT_SOURCE -D_XOPEN_SOURCE=700 conftest.c >&5
configure:6119: $? = 0
configure:6122: test -s conftest.o
configure:6125: $? = 0
configure:6138: result: ut_exit.e_exit
configure:6154: checking if utmp.ut_xtime is declared
configure:6178: gcc -c -g -O2 -D_DEFAULT_SOURCE -D_XOPEN_SOURCE=700 conftest.c >&5
configure:6181: $? = 0
configure:6184: test -s conftest.o
configure:6187: $? = 0
configure:6234: result: yes
configure:6253: checking if utmp.ut_session is declared
configure:6277: gcc -c -g -O2 -D_DEFAULT_SOURCE -D_XOPEN_SOURCE=700 conftest.c >&5
configure:6280: $? = 0
configure:6283: test -s conftest.o
configure:6286: $? = 0
configure:6297: result: yes
configure:6308: checking if utmp is SYSV flavor
configure:6335: gcc -o conftest -g -O2 -D_DEFAULT_SOURCE -D_XOPEN_SOURCE=700  conftest.c  >&5
configure:6338: $? = 0
configure:6341: test -s conftest
configure:6344: $? = 0
configure:6355: result: yes
configure:6367: checking for lastlog.h
configure:6402: result: yes
configure:6412: checking for struct lastlog
configure:6437: gcc -o conftest -g -O2 -D_DEFAULT_SOURCE -D_XOPEN_SOURCE=700  conftest.c  >&5
configure:6440: $? = 0
configure:6442: ./conftest
configure:6445: $? = 1
configure: program exited with status 1
configure: failed program was:
#line 6423 "configure"
#include "confdefs.h"

#include <sys/types.h>
#include <time.h>
#include <lastlog.h>

int main(void)
{
	struct lastlog data;
	return (sizeof(data.ll_time) != sizeof(time_t));
}
configure:6459: result: no
configure:6472: checking for sys/param.h
configure:6482: gcc -E -D_DEFAULT_SOURCE -D_XOPEN_SOURCE=700 conftest.c
configure:6488: $? = 0
configure:6507: result: yes
configure:6517: checking if POSIX saved-ids are supported
configure:6554: gcc -o conftest -g -O2 -D_DEFAULT_SOURCE -D_XOPEN_SOURCE=700  conftest.c  >&5
configure:6557: $? = 0
configure:6560: test -s conftest
configure:6563: $? = 0
configure:6615: result: yes
configure:6654: checking for termcap.h
configure:6664: gcc -E -D_DEFAULT_SOURCE -D_XOPEN_SOURCE=700 conftest.c
configure:6670: $? = 0
configure:6689: result: yes
configure:6699: checking if we want full tgetent function
configure:6716: result: yes
configure:6725: checking for full tgetent function
configure:6781: gcc -o conftest -g -O2 -D_DEFAULT_SOURCE -D_XOPEN_SOURCE=700  conftest.c  >&5
/usr/bin/ld: /tmp/ccn8bm02.o: in function `main':
/github/xterm/configure:6776: undefined reference to `tgetent'
collect2: error: ld returned 1 exit status
configure:6784: $? = 1
configure: program exited with status 1
configure: failed program was:
#line 6763 "configure"
#include "confdefs.h"

#ifdef HAVE_TERMCAP_H
#include <termcap.h>
#endif
/* terminfo implementations ignore the buffer argument, making it useless for
 * the xterm application, which uses this information to make a new TERMCAP
 * environment variable.
 */
int main(void)
{
	char buffer[1024];
	buffer[0] = 0;
	tgetent(buffer, "vt100");
	return (buffer[0] == 0); }
no, there is no termcap/tgetent in 
configure:6781: gcc -o conftest -g -O2 -D_DEFAULT_SOURCE -D_XOPEN_SOURCE=700  conftest.c -lotermcap  >&5
/usr/bin/ld: cannot find -lotermcap
collect2: error: ld returned 1 exit status
configure:6784: $? = 1
configure: program exited with status 1
configure: failed program was:
#line 6763 "configure"
#include "confdefs.h"

#ifdef HAVE_TERMCAP_H
#include <termcap.h>
#endif
/* terminfo implementations ignore the buffer argument, making it useless for
 * the xterm application, which uses this information to make a new TERMCAP
 * environment variable.
 */
int main(void)
{
	char buffer[1024];
	buffer[0] = 0;
	tgetent(buffer, "vt100");
	return (buffer[0] == 0); }
no, there is no termcap/tgetent in otermcap
configure:6781: gcc -o conftest -g -O2 -D_DEFAULT_SOURCE -D_XOPEN_SOURCE=700  conftest.c -ltermcap  >&5
configure:6784: $? = 0
configure:6786: ./conftest
configure:6789: $? = 1
configure: program exited with status 1
configure: failed program was:
#line 6763 "configure"
#include "confdefs.h"

#ifdef HAVE_TERMCAP_H
#include <termcap.h>
#endif
/* terminfo implementations ignore the buffer argument, making it useless for
 * the xterm application, which uses this information to make a new TERMCAP
 * environment variable.
 */
int main(void)
{
	char buffer[1024];
	buffer[0] = 0;
	tgetent(buffer, "vt100");
	return (buffer[0] == 0); }
no, there is no termcap/tgetent in termcap
configure:6781: gcc -o conftest -g -O2 -D_DEFAULT_SOURCE -D_XOPEN_SOURCE=700  conftest.c -ltermlib  >&5
/usr/bin/ld: cannot find -ltermlib
collect2: error: ld returned 1 exit status
configure:6784: $? = 1
configure: program exited with status 1
configure: failed program was:
#line 6763 "configure"
#include "confdefs.h"

#ifdef HAVE_TERMCAP_H
#include <termcap.h>
#endif
/* terminfo implementations ignore the buffer argument, making it useless for
 * the xterm application, which uses this information to make a new TERMCAP
 * environment variable.
 */
int main(void)
{
	char buffer[1024];
	buffer[0] = 0;
	tgetent(buffer, "vt100");
	return (buffer[0] == 0); }
no, there is no termcap/tgetent in termlib
configure:6781: gcc -o conftest -g -O2 -D_DEFAULT_SOURCE -D_XOPEN_SOURCE=700  conftest.c -lncurses  >&5
configure:6784: $? = 0
configure:6786: ./conftest
configure:6789: $? = 1
configure: program exited with status 1
configure: failed program was:
#line 6763 "configure"
#include "confdefs.h"

#ifdef HAVE_TERMCAP_H
#include <termcap.h>
#endif
/* terminfo implementations ignore the buffer argument, making it useless for
 * the xterm application, which uses this information to make a new TERMCAP
 * environment variable.
 */
int main(void)
{
	char buffer[1024];
	buffer[0] = 0;
	tgetent(buffer, "vt100");
	return (buffer[0] == 0); }
no, there is no termcap/tgetent in ncurses
configure:6781: gcc -o conftest -g -O2 -D_DEFAULT_SOURCE -D_XOPEN_SOURCE=700  conftest.c -lcurses  >&5
configure:6784: $? = 0
configure:6786: ./conftest
configure:6789: $? = 1
configure: program exited with status 1
configure: failed program was:
#line 6763 "configure"
#include "confdefs.h"

#ifdef HAVE_TERMCAP_H
#include <termcap.h>
#endif
/* terminfo implementations ignore the buffer argument, making it useless for
 * the xterm application, which uses this information to make a new TERMCAP
 * environment variable.
 */
int main(void)
{
	char buffer[1024];
	buffer[0] = 0;
	tgetent(buffer, "vt100");
	return (buffer[0] == 0); }
no, there is no termcap/tgetent in curses
configure:6810: result: no
configure:6935: checking for partial tgetent function
configure:6957: gcc -o conftest -g -O2 -D_DEFAULT_SOURCE -D_XOPEN_SOURCE=700  conftest.c  -lotermcap >&5
configure: In function 'main':
configure:6950:1: warning: implicit declaration of function 'tgetent' [-Wimplicit-function-declaration]
 6950 | {
      | ^      
/usr/bin/ld: cannot find -lotermcap
collect2: error: ld returned 1 exit status
configure:6960: $? = 1
configure: failed program was:
#line 6945 "configure"
#include "confdefs.h"

int
main (void)
{
tgetent(0, "vt100")
  ;
  return 0;
}
configure:6957: gcc -o conftest -g -O2 -D_DEFAULT_SOURCE -D_XOPEN_SOURCE=700  conftest.c  -ltermcap >&5
configure: In function 'main':
configure:6950:1: warning: implicit declaration of function 'tgetent' [-Wimplicit-function-declaration]
 6950 | {
      | ^      
configure:6960: $? = 0
configure:6963: test -s conftest
configure:6966: $? = 0
there is a terminfo/tgetent in termcap
configure:6980: result: -ltermcap
configure:7004: checking for termcap.h
configure:7039: result: yes
configure:7059: checking for X applications class
configure:7085: result: XTerm
configure:7088: checking for directory to install resource files
configure:7160: result: ${exec_prefix}/lib/X11/app-defaults
configure:7171: checking for the icon name
configure:7187: result: mini.xterm
configure:7190: checking for icon symlink to use
configure:7209: result: NONE
configure:7225: testing adding icons/filled-xterm to icon-list ...
configure:7225: testing adding icons/mini.xterm to icon-list ...
configure:7232: testing adding icons/mini.xterm_48x48 to icon-list ...
configure:7225: testing adding icons/xterm-color to icon-list ...
configure:7225: testing adding icons/xterm to icon-list ...
configure:7238: checking for directory to install pixmaps
configure:7296: result: ${datadir}/pixmaps
configure:7307: checking for directory to install icons
configure:7365: result: no
configure:7376: checking if icon theme should be used
configure:7394: result: no
configure:7427: checking for icon(s) to install
configure:7433: testing using .svg .png .xpm ...
configure:7508: result: icons/mini.xterm_48x48.png icons/mini.xterm_48x48.xpm
configure:7518: checking for icon name
configure:7520: result: mini.xterm
configure:7524: checking if you want to install desktop files
configure:7541: result: yes
configure:7548: checking for desktop-file-install
configure:7572: result: no
configure:7694: checking for install-permissions reference
configure:7704: result: xterm
configure:7709: checking for PATH separator
configure:7716: result: :
configure:7724: checking for xterm
configure:7755: result: no
configure:7724: checking for xterm
configure:7755: result: no
configure:7835: checking for symbolic link to create to xterm
configure:7845: result: xterm
configure:7854: checking if you want to disable openpty
configure:7871: result: no
configure:7874: checking if you want to disable setuid
configure:7891: result: no
configure:7894: checking if you want to disable setgid
configure:7911: result: no
configure:7914: checking if you want to run xterm setuid to a given user
configure:7924: result: no
configure:7937: checking if you want to run xterm setgid to match utmp/utmpx file
configure:7947: result: no
configure:8020: checking if you want to link with utempter
configure:8030: result: no
configure:8145: checking if external errno is declared
configure:8170: gcc -c -g -O2 -D_DEFAULT_SOURCE -D_XOPEN_SOURCE=700 conftest.c >&5
configure:8173: $? = 0
configure:8176: test -s conftest.o
configure:8179: $? = 0
configure:8190: result: yes
configure:8205: checking if external errno exists
configure:8227: gcc -o conftest -g -O2 -D_DEFAULT_SOURCE -D_XOPEN_SOURCE=700  conftest.c -ltermcap  >&5
/usr/bin/ld: errno: TLS definition in /lib64/libc.so.6 section .tbss mismatches non-TLS reference in /tmp/ccPCln7J.o
/usr/bin/ld: /lib64/libc.so.6: error adding symbols: bad value
collect2: error: ld returned 1 exit status
configure:8230: $? = 1
configure: failed program was:
#line 8212 "configure"
#include "confdefs.h"

#undef errno
extern int errno;

int
main (void)
{
errno = 2
  ;
  return 0;
}
configure:8247: result: no
configure:8260: checking for explicit tty group name
configure:8272: result: auto...
configure:8276: checking for tty group name
configure:8329: result: root
configure:8349: checking if we may use the root group
configure:8424: result: yes
configure:8439: checking for X
configure:8547: gcc -E -D_DEFAULT_SOURCE -D_XOPEN_SOURCE=700 conftest.c
configure:8553: $? = 0
configure:8598: gcc -o conftest -g -O2 -D_DEFAULT_SOURCE -D_XOPEN_SOURCE=700  conftest.c -lXt -ltermcap  >&5
configure:8601: $? = 0
configure:8604: test -s conftest
configure:8607: $? = 0
configure:8655: result: libraries , headers 
configure:8797: gcc -o conftest -g -O2 -D_DEFAULT_SOURCE -D_XOPEN_SOURCE=700  conftest.c -ltermcap   -lX11 >&5
configure:8800: $? = 0
configure:8803: test -s conftest
configure:8806: $? = 0
configure:8932: checking for gethostbyname
configure:8969: gcc -o conftest -g -O2 -D_DEFAULT_SOURCE -D_XOPEN_SOURCE=700  conftest.c -ltermcap  >&5
configure:8972: $? = 0
configure:8975: test -s conftest
configure:8978: $? = 0
configure:8988: result: yes
configure:9109: checking for connect
configure:9146: gcc -o conftest -g -O2 -D_DEFAULT_SOURCE -D_XOPEN_SOURCE=700  conftest.c -ltermcap  >&5
configure:9149: $? = 0
configure:9152: test -s conftest
configure:9155: $? = 0
configure:9165: result: yes
configure:9225: checking for remove
configure:9262: gcc -o conftest -g -O2 -D_DEFAULT_SOURCE -D_XOPEN_SOURCE=700  conftest.c -ltermcap  >&5
configure:9265: $? = 0
configure:9268: test -s conftest
configure:9271: $? = 0
configure:9281: result: yes
configure:9341: checking for shmat
configure:9378: gcc -o conftest -g -O2 -D_DEFAULT_SOURCE -D_XOPEN_SOURCE=700  conftest.c -ltermcap  >&5
configure:9381: $? = 0
configure:9384: test -s conftest
configure:9387: $? = 0
configure:9397: result: yes
configure:9466: checking for IceConnectionNumber in -lICE
configure:9493: gcc -o conftest -g -O2 -D_DEFAULT_SOURCE -D_XOPEN_SOURCE=700  conftest.c -lICE  -ltermcap  >&5
configure:9496: $? = 0
configure:9499: test -s conftest
configure:9502: $? = 0
configure:9513: result: yes
configure:9523: checking for sys/wait.h that is POSIX.1 compatible
configure:9551: gcc -c -g -O2 -D_DEFAULT_SOURCE -D_XOPEN_SOURCE=700 conftest.c >&5
configure:9554: $? = 0
configure:9557: test -s conftest.o
configure:9560: $? = 0
configure:9570: result: yes
configure:9580: checking for POSIX wait functions
configure:9612: gcc -o conftest -g -O2 -D_DEFAULT_SOURCE -D_XOPEN_SOURCE=700  conftest.c -ltermcap  >&5
configure:9615: $? = 0
configure:9618: test -s conftest
configure:9621: $? = 0
configure:9632: result: yes
configure:9639: checking if external sys_nerr is declared
configure:9664: gcc -c -g -O2 -D_DEFAULT_SOURCE -D_XOPEN_SOURCE=700 conftest.c >&5
configure: In function 'main':
configure:9657:15: error: 'sys_nerr' undeclared (first use in this function)
 9657 | {
      |               ^       
configure:9657:15: note: each undeclared identifier is reported only once for each function it appears in
configure:9667: $? = 1
configure: failed program was:
#line 9646 "configure"
#include "confdefs.h"

#ifdef HAVE_STDLIB_H
#include <stdlib.h>
#endif
#include <stdio.h>
#include <sys/types.h>
#include <errno.h>
int
main (void)
{
int x = (int) sys_nerr; (void)x
  ;
  return 0;
}
configure:9684: result: no
configure:9699: checking if external sys_nerr exists
configure:9721: gcc -o conftest -g -O2 -D_DEFAULT_SOURCE -D_XOPEN_SOURCE=700  conftest.c -ltermcap  >&5
/usr/bin/ld: /tmp/ccpM2UmY.o: in function `main':
/github/xterm/configure:9714: undefined reference to `sys_nerr'
collect2: error: ld returned 1 exit status
configure:9724: $? = 1
configure: failed program was:
#line 9706 "configure"
#include "confdefs.h"

#undef sys_nerr
extern int sys_nerr;

int
main (void)
{
sys_nerr = 2
  ;
  return 0;
}
configure:9741: result: no
configure:9754: checking if external sys_errlist is declared
configure:9779: gcc -c -g -O2 -D_DEFAULT_SOURCE -D_XOPEN_SOURCE=700 conftest.c >&5
configure: In function 'main':
configure:9772:15: error: 'sys_errlist' undeclared (first use in this function)
 9772 | {
      |               ^          
configure:9772:15: note: each undeclared identifier is reported only once for each function it appears in
configure:9782: $? = 1
configure: failed program was:
#line 9761 "configure"
#include "confdefs.h"

#ifdef HAVE_STDLIB_H
#include <stdlib.h>
#endif
#include <stdio.h>
#include <sys/types.h>
#include <errno.h>
int
main (void)
{
int x = (int) sys_errlist; (void)x
  ;
  return 0;
}
configure:9799: result: no
configure:9814: checking if external sys_errlist exists
configure:9836: gcc -o conftest -g -O2 -D_DEFAULT_SOURCE -D_XOPEN_SOURCE=700  conftest.c -ltermcap  >&5
/usr/bin/ld: /tmp/ccdAB3xT.o: in function `main':
/github/xterm/configure:9829: undefined reference to `sys_errlist'
collect2: error: ld returned 1 exit status
configure:9839: $? = 1
configure: failed program was:
#line 9821 "configure"
#include "confdefs.h"

#undef sys_errlist
extern int sys_errlist;

int
main (void)
{
sys_errlist = 2
  ;
  return 0;
}
configure:9856: result: no
configure:9892: checking for termios.h
configure:9927: result: yes
configure:9892: checking for stdlib.h
configure:9927: result: yes
configure:9892: checking for X11/Intrinsic.h
configure:9902: gcc -E -D_DEFAULT_SOURCE -D_XOPEN_SOURCE=700 conftest.c
configure:9908: $? = 0
configure:9927: result: yes
configure:9937: checking if we should define SYSV
configure:9988: gcc -c -g -O2 -D_DEFAULT_SOURCE -D_XOPEN_SOURCE=700 conftest.c >&5
configure:9963:10: fatal error: sys/termio.h: No such file or directory
 9963 | #include <errno.h>  /* declare sys_errlist on older systems */
      |          ^~~~~~~~~~~~~~
compilation terminated.
configure:9991: $? = 1
configure: failed program was:
#line 9944 "configure"
#include "confdefs.h"

#undef  SYSV
#define SYSV 1			/* get Xos.h to declare sys_errlist[] */
#ifdef HAVE_STDLIB_H
#include <stdlib.h>		/* look for wchar_t */
#endif
#ifdef HAVE_X11_INTRINSIC_H
#include <X11/Intrinsic.h>	/* Intrinsic.h has other traps... */
#endif
#ifdef HAVE_TERMIOS_H		/* needed for HPUX 10.20 */
#include <termios.h>
#define STRUCT_TERMIOS struct termios
#else
#define STRUCT_TERMIOS struct termio
#endif
#include <curses.h>
#include <term.h>		/* eliminate most BSD hacks */
#include <errno.h>		/* declare sys_errlist on older systems */
#include <sys/termio.h>		/* eliminate most of the remaining ones */

int
main (void)
{

static STRUCT_TERMIOS d_tio;
	d_tio.c_cc[VINTR] = 0;
	d_tio.c_cc[VQUIT] = 0;
	d_tio.c_cc[VERASE] = 0;
	d_tio.c_cc[VKILL] = 0;
	d_tio.c_cc[VEOF] = 0;
	d_tio.c_cc[VEOL] = 0;
	d_tio.c_cc[VMIN] = 0;
	d_tio.c_cc[VTIME] = 0;
#if defined(HAVE_SYS_ERRLIST) && !defined(DECL_SYS_ERRLIST)
sys_errlist[0] = "";		/* Cygwin mis-declares this */
#endif

  ;
  return 0;
}
configure:10008: result: no
configure:10019: checking for elf_begin in -lelf
configure:10046: gcc -o conftest -g -O2 -D_DEFAULT_SOURCE -D_XOPEN_SOURCE=700  conftest.c -lelf  -ltermcap  >&5
configure:10049: $? = 0
configure:10052: test -s conftest
configure:10055: $? = 0
configure:10066: result: yes
configure:10070: checking if this is an SVR4 system
configure:10106: gcc -c -g -O2 -D_DEFAULT_SOURCE -D_XOPEN_SOURCE=700 conftest.c >&5
configure:10083:10: fatal error: sys/termio.h: No such file or directory
10083 | #include <elf.h>
      |          ^~~~~~~       
compilation terminated.
configure:10109: $? = 1
configure: failed program was:
#line 10077 "configure"
#include "confdefs.h"

#if defined(__CYGWIN__)
make an error
#endif
#include <elf.h>
#include <sys/termio.h>

int
main (void)
{

static struct termio d_tio;
	d_tio.c_cc[VINTR] = 0;
	d_tio.c_cc[VQUIT] = 0;
	d_tio.c_cc[VERASE] = 0;
	d_tio.c_cc[VKILL] = 0;
	d_tio.c_cc[VEOF] = 0;
	d_tio.c_cc[VEOL] = 0;
	d_tio.c_cc[VMIN] = 0;
	d_tio.c_cc[VTIME] = 0;
	d_tio.c_cc[VLNEXT] = 0;

  ;
  return 0;
}
configure:10126: result: no
configure:10136: checking if you want to use pkg-config
configure:10146: result: yes
configure:10198: checking for pkg-config
configure:10215: found /usr/bin/pkg-config
configure:10227: result: /usr/bin/pkg-config
configure:10850: testing found package xt ...
configure:10856: testing package xt CFLAGS:  ...
configure:10860: testing package xt LIBS: -lXt -lX11  ...
configure:11185: checking for usable X Toolkit package
configure:11207: gcc -o conftest -g -O2 -D_DEFAULT_SOURCE -D_XOPEN_SOURCE=700  conftest.c -lXt -lX11  -lSM -lICE -ltermcap   >&5
configure:11210: $? = 0
configure:11213: test -s conftest
configure:11216: $? = 0
configure:11226: result: yes
configure:11972: checking for X11/DECkeysym.h
configure:11982: gcc -E -D_DEFAULT_SOURCE -D_XOPEN_SOURCE=700 conftest.c
configure:11988: $? = 0
configure:12007: result: yes
configure:11972: checking for X11/Sunkeysym.h
configure:11982: gcc -E -D_DEFAULT_SOURCE -D_XOPEN_SOURCE=700 conftest.c
configure:11988: $? = 0
configure:12007: result: yes
configure:11972: checking for X11/XF86keysym.h
configure:11982: gcc -E -D_DEFAULT_SOURCE -D_XOPEN_SOURCE=700 conftest.c
configure:11988: $? = 0
configure:12007: result: yes
configure:11972: checking for X11/XKBlib.h
configure:11982: gcc -E -D_DEFAULT_SOURCE -D_XOPEN_SOURCE=700 conftest.c
configure:11988: $? = 0
configure:12007: result: yes
configure:11972: checking for X11/TranslateI.h
configure:11982: gcc -E -D_DEFAULT_SOURCE -D_XOPEN_SOURCE=700 conftest.c
configure:11988: $? = 0
configure:12007: result: yes
configure:11972: checking for X11/Xpoll.h
configure:11982: gcc -E -D_DEFAULT_SOURCE -D_XOPEN_SOURCE=700 conftest.c
configure:11988: $? = 0
configure:12007: result: yes
configure:11972: checking for X11/extensions/XKB.h
configure:11982: gcc -E -D_DEFAULT_SOURCE -D_XOPEN_SOURCE=700 conftest.c
configure:11988: $? = 0
configure:12007: result: yes
configure:12022: checking if you want to use the Xpm library for colored icon
configure:12032: result: yes
configure:12040: checking for X11/xpm.h
configure:12050: gcc -E -D_DEFAULT_SOURCE -D_XOPEN_SOURCE=700 conftest.c
configure:12056: $? = 0
configure:12075: result: yes
configure:12079: checking for XpmCreatePixmapFromData in -lXpm
configure:12106: gcc -o conftest -g -O2 -D_DEFAULT_SOURCE -D_XOPEN_SOURCE=700  conftest.c -lXpm -lX11  -lXt -lX11  -lSM -lICE -ltermcap   >&5
configure:12109: $? = 0
configure:12112: test -s conftest
configure:12115: $? = 0
configure:12126: result: yes
configure:12146: checking if you want to use the Xinerama extension
configure:12156: result: yes
configure:12297: checking for XineramaQueryScreens in -lXinerama
configure:12324: gcc -o conftest -g -O2 -D_DEFAULT_SOURCE -D_XOPEN_SOURCE=700  conftest.c -lXinerama  -lXpm -lXt -lX11  -lSM -lICE -ltermcap   >&5
/usr/bin/ld: cannot find -lXinerama
collect2: error: ld returned 1 exit status
configure:12327: $? = 1
configure: failed program was:
#line 12305 "configure"
#include "confdefs.h"

/* Override any gcc2 internal prototype to avoid an error.  */
#ifdef __cplusplus
extern "C"
#endif
/* We use char because int might match the return type of a gcc2
   builtin and then its argument prototype would still apply.  */
char XineramaQueryScreens ();
int
main (void)
{
XineramaQueryScreens ();
  ;
  return 0;
}
configure:12344: result: no
configure:12422: checking if you want to link with Xaw 3d library
configure:12436: result: no
configure:12440: checking if you want to link with Xaw 3d xft library
configure:12454: result: no
configure:12458: checking if you want to link with neXT Athena library
configure:12472: result: no
configure:12476: checking if you want to link with Athena-Plus library
configure:12490: result: no
configure:12510: testing found package xaw7 ...
configure:12516: testing package xaw7 CFLAGS:  ...
configure:12520: testing package xaw7 LIBS: -lXaw7 -lXt -lX11  ...
configure:12657: checking for usable Xaw/Xmu package
configure:12681: gcc -o conftest -g -O2 -D_DEFAULT_SOURCE -D_XOPEN_SOURCE=700  conftest.c -lXaw7 -lXpm -lXt -lX11  -lSM -lICE -ltermcap   >&5
/usr/bin/ld: /tmp/cchaJBar.o: undefined reference to symbol 'XmuCompareISOLatin1'
/usr/bin/ld: /usr/lib64/libXmu.so.6: error adding symbols: DSO missing from command line
collect2: error: ld returned 1 exit status
configure:12684: $? = 1
configure: failed program was:
#line 12664 "configure"
#include "confdefs.h"

#include <X11/Xmu/CharSet.h>

int
main (void)
{

int check = XmuCompareISOLatin1("big", "small");
(void)check;

  ;
  return 0;
}
configure:12700: result: no
configure:12712: testing work around broken package ...
configure:12720: testing found package xmu ...
configure:12726: testing package xmu CFLAGS:  ...
configure:12730: testing package xmu LIBS: -lXmu -lXt -lX11  ...
configure:12850: testing ...before -lXaw7 -lXpm -lXt -lX11  -lSM -lICE -ltermcap   ...
configure:12855: testing ...after  -lXaw7 -lXmu -lXt -lX11 -lXpm -lXt -lX11 -lSM -lICE -ltermcap  ...
configure:12879: testing ..trimmed -lXaw7 -lXmu -lX11 -lXpm -lXt -lX11 -lSM -lICE -ltermcap ...
configure:12879: testing ..trimmed -lXaw7 -lXmu -lXpm -lXt -lX11 -lSM -lICE -ltermcap ...
configure:15022: checking for X11/Xpoll.h
configure:15057: result: yes
configure:15067: checking for declaration of fd_set
configure:15073: testing sys/types alone ...
configure:15089: gcc -c -g -O2 -D_DEFAULT_SOURCE -D_XOPEN_SOURCE=700 conftest.c >&5
configure:15092: $? = 0
configure:15095: test -s conftest.o
configure:15098: $? = 0
configure:15179: result: sys/types.h
configure:15189: checking for declaration of fd_mask
configure:15268: result: sys/types.h
configure:15278: checking for IRIX 6.5 baud-rate redefinitions
configure:15304: gcc -c -g -O2 -D_DEFAULT_SOURCE -D_XOPEN_SOURCE=700 conftest.c >&5
configure:15288:10: fatal error: sys/termio.h: No such file or directory
15288 | #include <sys/types.h>
      |          ^~~~~~~~~~~~~ 
compilation terminated.
configure:15307: $? = 1
configure: failed program was:
#line 15285 "configure"
#include "confdefs.h"

#include <sys/types.h>
#include <sys/termio.h>
int
main (void)
{

struct termio foo;
foo.c_ispeed = B38400;
foo.c_ospeed = B9600;
(void)foo;

  ;
  return 0;
}
configure:15325: result: no
configure:15332: checking for termios type tcflag_t
configure:15352: gcc -c -g -O2 -D_DEFAULT_SOURCE -D_XOPEN_SOURCE=700 conftest.c >&5
configure:15355: $? = 0
configure:15358: test -s conftest.o
configure:15361: $? = 0
configure:15372: result: yes
configure:15379: checking for termios type speed_t
configure:15399: gcc -c -g -O2 -D_DEFAULT_SOURCE -D_XOPEN_SOURCE=700 conftest.c >&5
configure:15402: $? = 0
configure:15405: test -s conftest.o
configure:15408: $? = 0
configure:15419: result: yes
configure:15426: checking for termios type cc_t
configure:15446: gcc -c -g -O2 -D_DEFAULT_SOURCE -D_XOPEN_SOURCE=700 conftest.c >&5
configure:15449: $? = 0
configure:15452: test -s conftest.o
configure:15455: $? = 0
configure:15466: result: yes
configure:15478: checking if we expect to use the Xcursor library
configure:15495: result: yes
configure:15512: checking for stropts.h
configure:15522: gcc -E -D_DEFAULT_SOURCE -D_XOPEN_SOURCE=700 conftest.c
configure:15519:10: fatal error: stropts.h: No such file or directory
15519 | #include "confdefs.h"
      |          ^~~~~~~~~~~
compilation terminated.
configure:15528: $? = 1
configure: failed program was:
#line 15518 "configure"
#include "confdefs.h"
#include <stropts.h>
configure:15547: result: no
configure:15577: checking for grantpt
configure:15614: gcc -o conftest -g -O2 -D_DEFAULT_SOURCE -D_XOPEN_SOURCE=700  conftest.c -lXaw7 -lXmu -lXpm -lXt -lX11 -lSM -lICE -ltermcap  >&5
configure:15617: $? = 0
configure:15620: test -s conftest
configure:15623: $? = 0
configure:15633: result: yes
configure:15577: checking for ptsname
configure:15614: gcc -o conftest -g -O2 -D_DEFAULT_SOURCE -D_XOPEN_SOURCE=700  conftest.c -lXaw7 -lXmu -lXpm -lXt -lX11 -lSM -lICE -ltermcap  >&5
configure:15617: $? = 0
configure:15620: test -s conftest
configure:15623: $? = 0
configure:15633: result: yes
configure:15577: checking for posix_openpt
configure:15614: gcc -o conftest -g -O2 -D_DEFAULT_SOURCE -D_XOPEN_SOURCE=700  conftest.c -lXaw7 -lXmu -lXpm -lXt -lX11 -lSM -lICE -ltermcap  >&5
configure:15617: $? = 0
configure:15620: test -s conftest
configure:15623: $? = 0
configure:15633: result: yes
configure:15645: checking if grantpt really works
configure:15748: gcc -o conftest -g -O2 -D_DEFAULT_SOURCE -D_XOPEN_SOURCE=700  conftest.c -lXaw7 -lXmu -lXpm -lXt -lX11 -lSM -lICE -ltermcap  >&5
configure:15751: $? = 0
configure:15754: test -s conftest
configure:15757: $? = 0
configure:15862: gcc -o conftest -g -O2 -D_DEFAULT_SOURCE -D_XOPEN_SOURCE=700  conftest.c -lXaw7 -lXmu -lXpm -lXt -lX11 -lSM -lICE -ltermcap  >&5
configure:15865: $? = 0
configure:15867: ./conftest
configure:15870: $? = 0
configure:15889: result: yes
configure:15895: checking for pty features
configure:15911: testing pty feature test 4:5 ...
configure:16019: gcc -o conftest -g -O2 -D_DEFAULT_SOURCE -D_XOPEN_SOURCE=700  conftest.c -lXaw7 -lXmu -lXpm -lXt -lX11 -lSM -lICE -ltermcap  >&5
configure:16022: $? = 0
configure:16024: ./conftest
configure:16027: $? = 0
configure:15911: testing pty feature test 5:5 ...
configure:16019: gcc -o conftest -g -O2 -D_DEFAULT_SOURCE -D_XOPEN_SOURCE=700  conftest.c -lXaw7 -lXmu -lXpm -lXt -lX11 -lSM -lICE -ltermcap  >&5
configure:16022: $? = 0
configure:16024: ./conftest
configure:16027: $? = 0
configure:15911: testing pty feature test 6:5 ...
configure:16019: gcc -o conftest -g -O2 -D_DEFAULT_SOURCE -D_XOPEN_SOURCE=700  conftest.c -lXaw7 -lXmu -lXpm -lXt -lX11 -lSM -lICE -ltermcap  >&5
configure:16022: $? = 0
configure:16024: ./conftest
configure:16027: $? = 0
configure:16078: result:  pty_isatty pty_tcsetattr tty_tcsetattr
configure:16091: checking for openpty in -lutil
configure:16118: gcc -o conftest -g -O2 -D_DEFAULT_SOURCE -D_XOPEN_SOURCE=700  conftest.c -lutil  -lXaw7 -lXmu -lXpm -lXt -lX11 -lSM -lICE -ltermcap  >&5
configure:16121: $? = 0
configure:16124: test -s conftest
configure:16127: $? = 0
configure:16138: result: yes
configure:16161: checking for util.h
configure:16171: gcc -E -D_DEFAULT_SOURCE -D_XOPEN_SOURCE=700 conftest.c
configure:16168:10: fatal error: util.h: No such file or directory
16168 | #include "confdefs.h"
      |          ^~~~~~~~
compilation terminated.
configure:16177: $? = 1
configure: failed program was:
#line 16167 "configure"
#include "confdefs.h"
#include <util.h>
configure:16196: result: no
configure:16161: checking for libutil.h
configure:16171: gcc -E -D_DEFAULT_SOURCE -D_XOPEN_SOURCE=700 conftest.c
configure:16168:10: fatal error: libutil.h: No such file or directory
16168 | #include "confdefs.h"
      |          ^~~~~~~~~~~
compilation terminated.
configure:16177: $? = 1
configure: failed program was:
#line 16167 "configure"
#include "confdefs.h"
#include <libutil.h>
configure:16196: result: no
configure:16161: checking for pty.h
configure:16171: gcc -E -D_DEFAULT_SOURCE -D_XOPEN_SOURCE=700 conftest.c
configure:16177: $? = 0
configure:16196: result: yes
configure:16239: testing will rely upon openpty ...
configure:16243: checking if we can use XkbQueryExtension
configure:16279: gcc -c -g -O2 -D_DEFAULT_SOURCE -D_XOPEN_SOURCE=700 conftest.c >&5
configure:16282: $? = 0
configure:16285: test -s conftest.o
configure:16288: $? = 0
configure:16303: result: yes
configure:16312: checking for XkbQueryExtension
configure:16349: gcc -o conftest -g -O2 -D_DEFAULT_SOURCE -D_XOPEN_SOURCE=700  conftest.c -lutil -lXaw7 -lXmu -lXpm -lXt -lX11 -lSM -lICE -ltermcap  >&5
configure:16352: $? = 0
configure:16355: test -s conftest
configure:16358: $? = 0
configure:16368: result: yes
configure:16380: checking if we can use XkbKeycodeToKeysym
configure:16405: gcc -c -g -O2 -D_DEFAULT_SOURCE -D_XOPEN_SOURCE=700 conftest.c >&5
configure:16408: $? = 0
configure:16411: test -s conftest.o
configure:16414: $? = 0
configure:16429: result: yes
configure:16438: checking for XkbKeycodeToKeysym
configure:16475: gcc -o conftest -g -O2 -D_DEFAULT_SOURCE -D_XOPEN_SOURCE=700  conftest.c -lutil -lXaw7 -lXmu -lXpm -lXt -lX11 -lSM -lICE -ltermcap  >&5
configure:16478: $? = 0
configure:16481: test -s conftest
configure:16484: $? = 0
configure:16494: result: yes
configure:16522: checking for XKB Bell extension
configure:16550: gcc -o conftest -g -O2 -D_DEFAULT_SOURCE -D_XOPEN_SOURCE=700  conftest.c -lutil -lXaw7 -lXmu -lXpm -lXt -lX11 -lSM -lICE -ltermcap   -lSM -lICE   >&5
configure:16533:10: fatal error: X11/extensions/XKBbells.h: No such file or directory
16533 | #include <X11/XKBlib.h>  /* has the prototype */
      |          ^~~~~~~~~~~~~~~~~~~~~~~~~~~
compilation terminated.
configure:16553: $? = 1
configure: failed program was:
#line 16529 "configure"
#include "confdefs.h"

#include <X11/Intrinsic.h>
#include <X11/XKBlib.h>		/* has the prototype */
#include <X11/extensions/XKBbells.h>	/* has the XkbBI_xxx definitions */

int
main (void)
{

	int x = (XkbBI_Info |XkbBI_MinorError |XkbBI_MajorError |XkbBI_TerminalBell |XkbBI_MarginBell);
	Atom y = 0;
	(void)x;
	XkbBell((Display *)0, (Widget)0, 0, y);

  ;
  return 0;
}
configure:16570: result: no
configure:16584: checking for Xutf8LookupString
configure:16621: gcc -o conftest -g -O2 -D_DEFAULT_SOURCE -D_XOPEN_SOURCE=700  conftest.c -lutil -lXaw7 -lXmu -lXpm -lXt -lX11 -lSM -lICE -ltermcap  >&5
configure:16624: $? = 0
configure:16627: test -s conftest
configure:16630: $? = 0
configure:16640: result: yes
configure:16656: checking if you want narrow prototypes for X libraries
configure:16682: result: yes
configure:16685: checking if we should use imake to help
configure:16702: result: yes
configure:16711: checking for xmkmf
configure:16742: result: no
configure:16711: checking for imake
configure:16742: result: no
configure:16897: testing IMAKE_CFLAGS  ...
configure:16901: testing IMAKE_LOADFLAGS  ...
configure:17010: testing make fallback definitions ...
configure:17157: checking for groff
configure:17174: found /usr/bin/groff
configure:17186: result: /usr/bin/groff
configure:17197: checking for nroff
configure:17214: found /usr/bin/nroff
configure:17225: result: /usr/bin/nroff
configure:17238: checking for tbl
configure:17255: found /usr/bin/tbl
configure:17267: result: /usr/bin/tbl
configure:17283: checking for fgrep
configure:17339: result: grep -F
configure:17350: checking for man2html
configure:17379: result: no
configure:17406: checking for program to convert manpage to html
configure:17465: result: /usr/bin/groff
configure:17647: checking for default terminal-id
configure:17657: result: vt420
configure:17668: checking for default terminal-type
configure:17678: result: xterm
configure:17686: checking if backarrow-key should be BS
configure:17704: result: yes
configure:17725: checking if backarrow-key should be treated as erase
configure:17743: result: no
configure:17764: checking for default backspace/DEL setting
configure:17775: result: maybe
configure:17796: checking for default pty initial erase setting
configure:17807: result: False
configure:17828: checking if alt should send ESC
configure:17846: result: no
configure:17867: checking if meta should send ESC
configure:17885: result: no
configure:17909: checking for tic
configure:17924: found /usr/bin/tic
configure:17933: result: yes
configure:17952: checking for private terminfo-directory
configure:17962: result: none
configure:18017: checking if you want active-icons
configure:18034: result: no
configure:18044: checking if you want ANSI color
configure:18061: result: yes
configure:18070: checking if you want 16 colors like aixterm
configure:18087: result: no
configure:18094: checking if you want 256 colors
configure:18111: result: yes
configure:18123: checking if you want direct-color support
configure:18140: result: yes
configure:18185: checking if you want blinking cursor
configure:18202: result: no
configure:18209: checking if you want to ignore Linux's broken palette-strings
configure:18233: result: yes
configure:18249: checking if you want to allow broken string-terminators
configure:18266: result: yes
configure:18273: checking if you want to compile-in icon data
configure:18290: result: no
configure:18297: checking if you want printable 128-159
configure:18314: result: yes
configure:18323: checking if you want bold colors mapped like IBM PC
configure:18340: result: yes
configure:18347: checking if you want separate color-classes
configure:18364: result: yes
configure:18371: checking if you want color-mode enabled by default
configure:18388: result: no
configure:18397: checking if you want support for color highlighting
configure:18414: result: no
configure:18421: checking if you want support for doublesize characters
configure:18438: result: no
configure:18445: checking if you want fallback-support for box characters
configure:18462: result: yes
configure:18469: checking if you want to allow spawning new xterms
configure:18486: result: yes
configure:18490: checking for proc tree with cwd-support
configure:18509: result: /proc
configure:18662: checking for XextCreateExtension in -lXext
configure:18689: gcc -o conftest -g -O2 -D_DEFAULT_SOURCE -D_XOPEN_SOURCE=700 -DNARROWPROTO=1 -DFUNCPROTO=15 -DOSMAJORVERSION=5 -DOSMINORVERSION=13  conftest.c -lXext  -lutil -lXaw7 -lXmu -lXpm -lXt -lX11 -lSM -lICE -ltermcap  >&5
configure:18692: $? = 0
configure:18695: test -s conftest
configure:18698: $? = 0
configure:18709: result: yes
configure:18733: checking for X11/extensions/Xdbe.h
configure:18743: gcc -E -D_DEFAULT_SOURCE -D_XOPEN_SOURCE=700 -DNARROWPROTO=1 -DFUNCPROTO=15 -DOSMAJORVERSION=5 -DOSMINORVERSION=13 conftest.c
configure:18749: $? = 0
configure:18768: result: yes
configure:18776: checking for XdbeSwapBuffers
configure:18813: gcc -o conftest -g -O2 -D_DEFAULT_SOURCE -D_XOPEN_SOURCE=700 -DNARROWPROTO=1 -DFUNCPROTO=15 -DOSMAJORVERSION=5 -DOSMINORVERSION=13  conftest.c -lXext -lutil -lXaw7 -lXmu -lXpm -lXt -lX11 -lSM -lICE -ltermcap  >&5
configure:18816: $? = 0
configure:18819: test -s conftest
configure:18822: $? = 0
configure:18832: result: yes
configure:18847: checking if you want to enable double-buffering in default resources
configure:18864: result: no
configure:18876: checking if you want to use FreeType library
configure:18893: result: yes
configure:18903: checking for FreeType configuration script
configure:18915: result: yes
configure:19049: checking for yes
configure:19066: found /usr/bin/yes
configure:19078: result: /usr/bin/yes
configure:19095: checking for FreeType config
configure:19097: result: /usr/bin/yes 
configure:19101: checking for /usr/bin/yes cflags
configure:19104: result: 
configure:19109: checking for /usr/bin/yes libs
configure:19112: result:  
configure:19125: checking if we can link with FreeType libraries
configure:19166: gcc -o conftest -g -O2 -D_DEFAULT_SOURCE -D_XOPEN_SOURCE=700 -DNARROWPROTO=1 -DFUNCPROTO=15 -DOSMAJORVERSION=5 -DOSMINORVERSION=13   conftest.c -lXext -lutil -lXaw7 -lXmu -lXpm -lXt -lX11 -lSM -lICE -ltermcap  >&5
configure:19153:10: fatal error: X11/extensions/Xrender.h: No such file or directory
19153 | #include <X11/Xlib.h>
      |          ^~~~~~~~~~~~              
compilation terminated.
configure:19169: $? = 1
configure: failed program was:
#line 19150 "configure"
#include "confdefs.h"

#include <X11/Xlib.h>
#include <X11/extensions/Xrender.h>
#include <X11/Xft/Xft.h>
int
main (void)
{

	XftPattern  *pat = XftNameParse ("name"); (void)pat
  ;
  return 0;
}
configure:19184: result: no
configure:19384: WARNING: No libraries found for FreeType
configure:19716: checking if you want support for HP-style function keys
configure:19733: result: yes
configure:19743: checking if you want support for SCO-style function keys
configure:19760: result: no
configure:19770: checking if you want support for Sun-style function keys
configure:19787: result: yes
configure:19797: checking if you want saved-lines stored as a FIFO
configure:19814: result: yes
configure:19824: checking if you want support for internationalization
configure:19841: result: yes
configure:19851: checking if you want support for initial-erase setup
configure:19868: result: no
configure:19878: checking if you want support for input-method
configure:19895: result: yes
configure:19898: checking if X libraries support input-method
configure:19939: gcc -o conftest -g -O2 -D_DEFAULT_SOURCE -D_XOPEN_SOURCE=700 -DNARROWPROTO=1 -DFUNCPROTO=15 -DOSMAJORVERSION=5 -DOSMINORVERSION=13  conftest.c -lXext -lutil -lXaw7 -lXmu -lXpm -lXt -lX11 -lSM -lICE -ltermcap  >&5
configure:19942: $? = 0
configure:19945: test -s conftest
configure:19948: $? = 0
configure:19958: result: yes
configure:19977: checking if you want support for load-vt-fonts
configure:19994: result: yes
configure:20004: checking if you want support for logging
configure:20021: result: yes
configure:20029: checking if you want to allow logging via a pipe
configure:20046: result: no
configure:20057: checking if you want support for iconify/maximize translations
configure:20074: result: yes
configure:20081: checking if you want NumLock to override keyboard tables
configure:20098: result: no
configure:20105: checking if you want support for get/set of base64 selection data
configure:20122: result: yes
configure:20138: checking if you want support for pty-handshaking
configure:20155: result: no
configure:20171: checking if you want support for mouse in readline applications
configure:20188: result: no
configure:20198: checking if you want support for regular-expression selections
configure:20215: result: no
configure:21743: checking if you want support for right-scrollbar
configure:21760: result: no
configure:21770: checking if you want check for redundant name-change
configure:21787: result: yes
configure:21794: checking if you want support for selection-actions
configure:21811: result: no
configure:21818: checking if you want support for session management
configure:21835: result: no
configure:21842: checking if you want to use termcap function-keys
configure:21859: result: yes
configure:21866: checking if you want to use termcap-query/report
configure:21883: result: yes
configure:21890: checking if you want support for tek4014
configure:21907: result: no
configure:21921: checking if you want pulldown menus with a toolbar
configure:21938: result: yes
configure:21948: checking if you want VT52 emulation
configure:21965: result: no
configure:21972: checking if you want wide-attribute support
configure:21989: result: yes
configure:21998: checking if you want wide-character support
configure:22015: result: no
configure:22022: checking if you want only 16-bit character support
configure:22039: result: yes
configure:22053: checking if you want to use mini-luit/Latin9 built-in support
configure:22070: result: no
configure:22080: checking if you want to use luit
configure:22097: result: yes
configure:22110: checking for xterm-filter
configure:22141: result: no
configure:22110: checking for xterm-filter
configure:22141: result: no
configure:22110: checking for bluit
configure:22141: result: no
configure:22110: checking for luit
configure:22141: result: no
configure:22224: checking if you want dynamic-abbreviation support
configure:22241: result: no
configure:22251: checking if you want DECterm Locator support
configure:22268: result: yes
configure:22278: checking if you want XHTML and SVG screen dump support
configure:22295: result: no
configure:22308: checking if you want ReGIS graphics support
configure:22325: result: no
configure:22404: checking if you want sixel graphics support
configure:22421: result: yes
configure:22445: checking if you want sixel screen dump support
configure:22462: result: no
configure:22472: checking if you want VT420 rectangle support
configure:22489: result: no
configure:22499: checking if you want -ziconbeep option
configure:22516: result: yes
configure:22525: checking if you want debugging traces
configure:22542: result: no
configure:22554: checking if you want to use dmalloc for testing
configure:22571: result: no
configure:22786: checking if you want to use dbmalloc for testing
configure:22803: result: no
configure:23018: checking if you want to use valgrind for testing
configure:23035: result: no
configure:23148: checking if you want to perform memory-leak testing
configure:23159: result: no
configure:23174: checking if you want to see long compiling messages
configure:23208: result: yes
configure:23211: checking if you want magic cookie emulation
configure:23228: result: no
configure:23243: checking for tigetstr
configure:23280: gcc -o conftest -g -O2 -D_DEFAULT_SOURCE -D_XOPEN_SOURCE=700 -DNARROWPROTO=1 -DFUNCPROTO=15 -DOSMAJORVERSION=5 -DOSMINORVERSION=13  conftest.c -lXext -lutil -lXaw7 -lXmu -lXpm -lXt -lX11 -lSM -lICE -ltermcap  >&5
configure:23283: $? = 0
configure:23286: test -s conftest
configure:23289: $? = 0
configure:23299: result: yes
configure:23314: checking for use_extended_names
configure:23351: gcc -o conftest -g -O2 -D_DEFAULT_SOURCE -D_XOPEN_SOURCE=700 -DNARROWPROTO=1 -DFUNCPROTO=15 -DOSMAJORVERSION=5 -DOSMINORVERSION=13  conftest.c -lXext -lutil -lXaw7 -lXmu -lXpm -lXt -lX11 -lSM -lICE -ltermcap  >&5
configure:23354: $? = 0
configure:23357: test -s conftest
configure:23360: $? = 0
configure:23370: result: yes
configure:23382: checking if you want to use C11 _Noreturn feature
configure:23399: result: no
configure:23587: checking if you want to turn on gcc warnings
configure:23604: result: no
configure:24011: checking if filesystem supports mixed-case filenames
configure:24038: result: yes
configure:24049: checking for exctags
configure:24075: result: no
configure:24049: checking for ctags
configure:24075: result: no
configure:24086: checking for exetags
configure:24112: result: no
configure:24086: checking for etags
configure:24112: result: no
configure:24121: checking for ctags
configure:24145: result: no
configure:24155: checking for etags
configure:24179: result: no
configure:24205: checking for an rpath option
configure:24236: result: -Wl,-rpath,
configure:24300: checking if rpath-hack should be disabled
configure:24318: result: no
configure:24323: checking for updated LDFLAGS
configure:24326: result: maybe
configure:24333: checking for ldd
configure:24348: found /usr/bin/ldd
configure:24356: result: ldd
configure:24385: gcc -o conftest -g -O2 -D_DEFAULT_SOURCE -D_XOPEN_SOURCE=700 -DNARROWPROTO=1 -DFUNCPROTO=15 -DOSMAJORVERSION=5 -DOSMINORVERSION=13  conftest.c -lXext -lutil -lXaw7 -lXmu -lXpm -lXt -lX11 -lSM -lICE -ltermcap  >&5
configure:24388: $? = 0
configure:24391: test -s conftest
configure:24394: $? = 0
configure:24434: testing ...checking EXTRA_LDFLAGS  ...
configure:24438: testing ...checking LDFLAGS  ...
configure:24488: testing ...checked LDFLAGS  ...
configure:24492: testing ...checking LIBS -lXext -lutil -lXaw7 -lXmu -lXpm -lXt -lX11 -lSM -lICE -ltermcap  ...
configure:24542: testing ...checked LIBS  -lXext -lutil -lXaw7 -lXmu -lXpm -lXt -lX11 -lSM -lICE -ltermcap ...
configure:24546: testing ...checked EXTRA_LDFLAGS  ...
configure:24644: creating ./config.status

## ----------------------- ##
## Running config.status.  ##
## ----------------------- ##

This file was extended by config.status 2.52.20210509, executed with
  CONFIG_FILES    = 
  CONFIG_HEADERS  = 
  CONFIG_LINKS    = 
  CONFIG_COMMANDS = 
  > "./config.status "
on 6fbd973a1f89

config.status:25196: creating Makefile
config.status:25196: creating df-install
config.status:25196: creating minstall
config.status:25349: creating xtermcfg.h

## ----------------- ##
## Cache variables.  ##
## ----------------- ##

ac_cv_build=x86_64-pc-linux-gnu
ac_cv_build_alias=x86_64-pc-linux-gnu
ac_cv_c_compiler_gnu=yes
ac_cv_env_CC_set=
ac_cv_env_CC_value=
ac_cv_env_CFLAGS_set=
ac_cv_env_CFLAGS_value=
ac_cv_env_CPPFLAGS_set=
ac_cv_env_CPPFLAGS_value=
ac_cv_env_CPP_set=
ac_cv_env_CPP_value=
ac_cv_env_LDFLAGS_set=
ac_cv_env_LDFLAGS_value=
ac_cv_env_build_alias_set=
ac_cv_env_build_alias_value=
ac_cv_env_host_alias_set=
ac_cv_env_host_alias_value=
ac_cv_env_target_alias_set=
ac_cv_env_target_alias_value=
ac_cv_func_XdbeSwapBuffers=yes
ac_cv_func_XkbKeycodeToKeysym=yes
ac_cv_func_XkbQueryExtension=yes
ac_cv_func_Xutf8LookupString=yes
ac_cv_func_connect=yes
ac_cv_func_endusershell=yes
ac_cv_func_gethostbyname=yes
ac_cv_func_gethostname=yes
ac_cv_func_getlogin=yes
ac_cv_func_getusershell=yes
ac_cv_func_grantpt=no
ac_cv_func_initgroups=yes
ac_cv_func_mkdtemp=yes
ac_cv_func_posix_openpt=yes
ac_cv_func_ptsname=yes
ac_cv_func_putenv=yes
ac_cv_func_remove=yes
ac_cv_func_sched_yield=yes
ac_cv_func_setpgid=yes
ac_cv_func_shmat=yes
ac_cv_func_strftime=yes
ac_cv_func_tcgetattr=yes
ac_cv_func_tigetstr=yes
ac_cv_func_unsetenv=yes
ac_cv_func_use_extended_names=yes
ac_cv_func_waitpid=yes
ac_cv_func_wcswidth=yes
ac_cv_func_wcwidth=yes
ac_cv_have_x='have_x=yes 		ac_x_includes= ac_x_libraries='
ac_cv_header_X11_DECkeysym_h=yes
ac_cv_header_X11_Intrinsic_h=yes
ac_cv_header_X11_Sunkeysym_h=yes
ac_cv_header_X11_TranslateI_h=yes
ac_cv_header_X11_XF86keysym_h=yes
ac_cv_header_X11_XKBlib_h=yes
ac_cv_header_X11_Xpoll_h=yes
ac_cv_header_X11_extensions_XKB_h=yes
ac_cv_header_X11_extensions_Xdbe_h=yes
ac_cv_header_X11_xpm_h=yes
ac_cv_header_inttypes_h=yes
ac_cv_header_lastlog_h=yes
ac_cv_header_libutil_h=no
ac_cv_header_memory_h=yes
ac_cv_header_ncurses_curses_h=yes
ac_cv_header_ncurses_term_h=yes
ac_cv_header_paths_h=yes
ac_cv_header_pty_h=yes
ac_cv_header_stdc=yes
ac_cv_header_stdint_h=yes
ac_cv_header_stdlib_h=yes
ac_cv_header_string_h=yes
ac_cv_header_strings_h=yes
ac_cv_header_stropts_h=no
ac_cv_header_sys_param_h=yes
ac_cv_header_sys_ptem_h=no
ac_cv_header_sys_stat_h=yes
ac_cv_header_sys_ttydefaults_h=yes
ac_cv_header_sys_types_h=yes
ac_cv_header_sys_wait_h=yes
ac_cv_header_term_h=yes
ac_cv_header_termcap_h=yes
ac_cv_header_termios_h=yes
ac_cv_header_time=yes
ac_cv_header_unistd_h=yes
ac_cv_header_util_h=no
ac_cv_header_wchar_h=yes
ac_cv_host=x86_64-pc-linux-gnu
ac_cv_host_alias=x86_64-pc-linux-gnu
ac_cv_lib_ICE_IceConnectionNumber=yes
ac_cv_lib_Xext_XextCreateExtension=yes
ac_cv_lib_Xinerama_XineramaQueryScreens=no
ac_cv_lib_Xpm_XpmCreatePixmapFromData=yes
ac_cv_lib_elf_elf_begin=yes
ac_cv_lib_util_openpty=yes
ac_cv_objext=o
ac_cv_path_EGREP='grep -E'
ac_cv_path_FGREP='grep -F'
ac_cv_path_FREETYPE_XFT_CONFIG=/usr/bin/yes
ac_cv_path_GROFF_PATH=/usr/bin/groff
ac_cv_path_NROFF_PATH=/usr/bin/nroff
ac_cv_path_TBL_PATH=/usr/bin/tbl
ac_cv_path_ac_pt_PKG_CONFIG=/usr/bin/pkg-config
ac_cv_path_cf_man2html=no
ac_cv_path_install='/usr/bin/install -c'
ac_cv_prog_AWK=gawk
ac_cv_prog_CPP='gcc -E'
ac_cv_prog_GREP=grep
ac_cv_prog_MAKE_LOWER_TAGS=no
ac_cv_prog_MAKE_UPPER_TAGS=no
ac_cv_prog_ac_ct_CC=gcc
ac_cv_prog_cc_g=yes
ac_cv_prog_cc_stdc=
ac_cv_prog_cf_ldd_prog=ldd
ac_cv_prog_cf_tic_prog=yes
ac_cv_prog_desktop_utils=no
ac_cv_type_mode_t=yes
ac_cv_type_off_t=yes
ac_cv_type_pid_t=yes
ac_cv_type_time_t=yes
ac_cv_type_uid_t=yes
am_cv_langinfo_codeset=yes
cf_cv_c11_noreturn=no,
cf_cv_dcl_errno=yes
cf_cv_dcl_sys_errlist=no
cf_cv_dcl_sys_nerr=no
cf_cv_define_sigwinch=yes
cf_cv_found_freetype=no
cf_cv_gnu_dftsrc_219=yes
cf_cv_gnu_library=yes
cf_cv_gnu_library_219=yes
cf_cv_have_errno=no
cf_cv_have_sys_errlist=no
cf_cv_have_sys_nerr=no
cf_cv_have_utmp=utmp
cf_cv_have_utmp_ut_host=yes
cf_cv_have_utmp_ut_name=ut_name
cf_cv_have_utmp_ut_session=yes
cf_cv_have_utmp_ut_syslen=no
cf_cv_have_utmp_ut_xstatus=ut_exit.e_exit
cf_cv_have_utmp_ut_xtime=yes
cf_cv_havetype_cc_t=yes
cf_cv_havetype_speed_t=yes
cf_cv_havetype_tcflag_t=yes
cf_cv_icon_list=' icons/filled-xterm icons/mini.xterm icons/mini.xterm_48x48 icons/xterm-color icons/xterm'
cf_cv_input_method=yes
cf_cv_lib_part_tgetent=-ltermcap
cf_cv_lib_tgetent=no
cf_cv_mixedcase=yes
cf_cv_path_lastlog=_PATH_LASTLOG
cf_cv_posix_saved_ids=yes
cf_cv_posix_visible=no
cf_cv_posix_wait=yes
cf_cv_procfs_cwd=/proc
cf_cv_sig_atomic_t='volatile sig_atomic_t'
cf_cv_struct_lastlog=no
cf_cv_svr4=no
cf_cv_system_name=linux-gnu
cf_cv_sysv=no
cf_cv_sysv_utmp=yes
cf_cv_termio_c_ispeed=no
cf_cv_tty_group=yes
cf_cv_tty_group_name=root
cf_cv_type_cc_t=yes
cf_cv_type_fd_mask=sys/types.h
cf_cv_type_fd_set=sys/types.h
cf_cv_x_freetype_cfgs=yes
cf_cv_x_freetype_incs=
cf_cv_x_freetype_libs=' '
cf_cv_xaw_compat=no
cf_cv_xkb_bell_ext=no
cf_cv_xkb_keycode_to_keysym=yes
cf_cv_xkb_query_extension=yes
cf_cv_xt_ice_compat=yes

## ------------ ##
## confdefs.h.  ##
## ------------ ##

#define SYSTEM_NAME "linux-gnu"
#define HAVE_NCURSES_CURSES_H 1
#define HAVE_NCURSES_TERM_H 1
#define HAVE_STDLIB_H 1
#define HAVE_SYS_TTYDEFAULTS_H 1
#define HAVE_TERM_H 1
#define HAVE_TERMIOS_H 1
#define HAVE_UNISTD_H 1
#define HAVE_WCHAR_H 1
#define TIME_WITH_SYS_TIME 1
#define HAVE_LANGINFO_CODESET 1
#define SIG_ATOMIC_T volatile sig_atomic_t
#define STDC_HEADERS 1
#define HAVE_SYS_TYPES_H 1
#define HAVE_SYS_STAT_H 1
#define HAVE_STDLIB_H 1
#define HAVE_STRING_H 1
#define HAVE_MEMORY_H 1
#define HAVE_STRINGS_H 1
#define HAVE_INTTYPES_H 1
#define HAVE_STDINT_H 1
#define HAVE_UNISTD_H 1
#define HAVE_GETHOSTNAME 1
#define HAVE_GETUSERSHELL 1
#define HAVE_ENDUSERSHELL 1
#define HAVE_GETLOGIN 1
#define HAVE_INITGROUPS 1
#define HAVE_MKDTEMP 1
#define HAVE_PUTENV 1
#define HAVE_UNSETENV 1
#define HAVE_SCHED_YIELD 1
#define HAVE_SETPGID 1
#define HAVE_STRFTIME 1
#define HAVE_TCGETATTR 1
#define HAVE_WAITPID 1
#define HAVE_WCSWIDTH 1
#define HAVE_WCWIDTH 1
#define HAVE_LASTLOG_H 1
#define HAVE_PATHS_H 1
#define USE_LASTLOG 1
#define HAVE_UTMP 1
#define HAVE_UTMP_UT_HOST 1
#define HAVE_UTMP_UT_XSTATUS 1
#define ut_xstatus ut_exit.e_exit
#define HAVE_UTMP_UT_XTIME 1
#define HAVE_UTMP_UT_SESSION 1
#define USE_SYSV_UTMP 1
#define HAVE_LASTLOG_H 1
#define HAVE_SYS_PARAM_H 1
#define HAVE_POSIX_SAVED_IDS 1
#define HAVE_TERMCAP_H 1
#define HAVE_TERMCAP_H 1
#define USE_TERMINFO 1
#define TTY_GROUP_NAME "root"
#define USE_TTY_GROUP 1
#define HAVE_SYS_WAIT_H 1
#define USE_POSIX_WAIT 1
#define DECL_SYS_NERR 1
#define DECL_SYS_ERRLIST 1
#define HAVE_TERMIOS_H 1
#define HAVE_STDLIB_H 1
#define HAVE_X11_INTRINSIC_H 1
#define HAVE_X11_DECKEYSYM_H 1
#define HAVE_X11_SUNKEYSYM_H 1
#define HAVE_X11_XF86KEYSYM_H 1
#define HAVE_X11_XKBLIB_H 1
#define HAVE_X11_TRANSLATEI_H 1
#define HAVE_X11_XPOLL_H 1
#define HAVE_X11_EXTENSIONS_XKB_H 1
#define HAVE_LIBXPM 1
#define HAVE_LIB_XAW 1
#define HAVE_X11_XPOLL_H 1
#define HAVE_LIB_XCURSOR 1
#define HAVE_GRANTPT 1
#define HAVE_PTSNAME 1
#define HAVE_POSIX_OPENPT 1
#define HAVE_OPENPTY 1
#define HAVE_PTY_H 1
#define HAVE_XKBQUERYEXTENSION 1
#define HAVE_XKBKEYCODETOKEYSYM 1
#define HAVE_XUTF8LOOKUPSTRING 1
#define DFT_DECID "420"
#define DFT_TERMTYPE "xterm"
#define DEF_BACKARO_BS True
#define DEF_BACKARO_ERASE False
#define DEFDELETE_DEL Maybe
#define DEF_INITIAL_ERASE False
#define DEF_ALT_SENDS_ESC False
#define DEF_META_SENDS_ESC False
#define NO_ACTIVE_ICON 1
#define OPT_AIX_COLORS 0
#define OPT_256_COLORS 1
#define OPT_DIRECT_COLOR 1
#define OPT_BLINK_CURS 0
#define OPT_BROKEN_OSC 1
#define DFT_COLORMODE 0
#define OPT_HIGHLIGHT_COLOR 0
#define OPT_DEC_CHRSET 0
#define PROCFS_ROOT "/proc"
#define OPT_EXEC_XTERM 1
#define HAVE_X11_EXTENSIONS_XDBE_H 1
#define HAVE_XDBESWAPBUFFERS 1
#define OPT_HP_FUNC_KEYS 1
#define OPT_FIFO_LINES 1
#define OPT_INITIAL_ERASE 0
#define OPT_LOAD_VTFONTS 1
#define ALLOWLOGGING 1
#define OPT_NUM_LOCK 0
#define OPT_PASTE64 1
#define OPT_PTY_HANDSHAKE 0
#define OPT_SELECTION_OPS 0
#define OPT_SESSION_MGT 0
#define OPT_TCAP_FKEYS 1
#define OPT_TCAP_QUERY 1
#define OPT_TEK4014 0
#define OPT_TOOLBAR 1
#define OPT_VT52_MODE 0
#define OPT_WIDER_ICHAR 0
#define OPT_LUIT_PROG 1
#define OPT_WIDE_CHARS 1
#define OPT_DEC_LOCATOR 1
#define OPT_SCREEN_DUMPS 0
#define OPT_SIXEL_GRAPHICS 1
#define OPT_GRAPHICS 1
#define HAVE_TIGETSTR 1
#define HAVE_USE_EXTENDED_NAMES 1
#define MIXEDCASE_FILENAMES 1


configure: exit 0
